<?xml version="1.0" encoding="UTF-8"?>
<!-- Generated by org.testng.reporters.JUnitReportReporter -->
<testsuite hostname="INL1YV7QDF" failures="0" tests="3" name="LumaStore.testCases.TC05_ProductPageTest" time="10.449" errors="0" timestamp="2024-09-15T21:03:49 IST" skipped="0">
  <testcase classname="LumaStore.testCases.TC05_ProductPageTest" name="verifyProduct" time="4.895">
    <system-out>
      <![CDATA[Beaumont Summit Kit]]>
    </system-out>
  </testcase> <!-- verifyProduct -->
  <testcase classname="LumaStore.testCases.TC05_ProductPageTest" name="veriyAddtoCart" time="3.835"/>
  <testcase classname="LumaStore.testCases.TC05_ProductPageTest" name="verifyCheckout" time="1.719"/>
  <system-out>
    <![CDATA[Beaumont Summit Kit]]>
  </system-out>
</testsuite> <!-- LumaStore.testCases.TC05_ProductPageTest -->
