<?xml version="1.0" encoding="UTF-8"?>
<!-- Generated by org.testng.reporters.JUnitReportReporter -->
<testsuite hostname="INL1YV7QDF" failures="0" tests="1" name="LumaStore.testCases.TC04_ShoppingPageTest" time="2.243" errors="0" timestamp="2024-09-22T15:17:35 IST" skipped="0">
  <testcase classname="LumaStore.testCases.TC04_ShoppingPageTest" name="verifyProdCategory" time="2.243"/>
</testsuite> <!-- LumaStore.testCases.TC04_ShoppingPageTest -->
