<?xml version="1.0" encoding="UTF-8"?>
<!-- Generated by org.testng.reporters.JUnitReportReporter -->
<testsuite hostname="INL1YV7QDF" failures="0" tests="1" name="LumaStore.testCases.TC03_HomePageTest" time="0.171" errors="0" timestamp="2024-09-20T04:23:18 IST" skipped="0">
  <testcase classname="LumaStore.testCases.TC03_HomePageTest" name="verifyProductList" time="0.171"/>
</testsuite> <!-- LumaStore.testCases.TC03_HomePageTest -->
