<?xml version="1.0" encoding="UTF-8"?>
<!-- Generated by org.testng.reporters.JUnitReportReporter -->
<testsuite hostname="INL1YV7QDF" failures="0" tests="1" name="LumaStore.testCases.TC01_IndexPageTest" time="0.249" errors="0" timestamp="2024-09-19T23:36:14 IST" skipped="0">
  <testcase classname="LumaStore.testCases.TC01_IndexPageTest" name="verifyIndexPage" time="0.249"/>
</testsuite> <!-- LumaStore.testCases.TC01_IndexPageTest -->
