<?xml version="1.0" encoding="UTF-8"?>
<!-- Generated by org.testng.reporters.JUnitReportReporter -->
<testsuite hostname="INL1YV7QDF" failures="0" tests="1" name="LumaStore.testCases.TC02_LoginPageTest" time="2.607" errors="0" timestamp="2024-09-20T03:23:02 IST" skipped="0">
  <testcase classname="LumaStore.testCases.TC02_LoginPageTest" name="verifyLogin" time="2.607"/>
</testsuite> <!-- LumaStore.testCases.TC02_LoginPageTest -->
